d:\temppro\showdata\showdata\x64\release\showdata.obj
d:\temppro\showdata\showdata\x64\release\main.obj
d:\temppro\showdata\showdata\x64\release\moc_showdata.obj
d:\temppro\showdata\showdata\x64\release\qrc_showdata.obj
d:\temppro\showdata\x64\release\showdata.exe
d:\temppro\showdata\showdata\x64\release\moc\moc_showdata.cpp
d:\temppro\showdata\showdata\x64\release\rcc\qrc_showdata.cpp
d:\temppro\showdata\showdata\x64\release\uic\ui_showdata.h
d:\temppro\showdata\showdata\x64\release\showdata.tlog\cl.command.1.tlog
d:\temppro\showdata\showdata\x64\release\showdata.tlog\cl.read.1.tlog
d:\temppro\showdata\showdata\x64\release\showdata.tlog\cl.write.1.tlog
d:\temppro\showdata\showdata\x64\release\showdata.tlog\link.command.1.tlog
d:\temppro\showdata\showdata\x64\release\showdata.tlog\link.read.1.tlog
d:\temppro\showdata\showdata\x64\release\showdata.tlog\link.write.1.tlog
d:\temppro\showdata\showdata\x64\release\showdata.tlog\moc.read.1u.tlog
d:\temppro\showdata\showdata\x64\release\showdata.tlog\moc.write.1u.tlog
d:\temppro\showdata\showdata\x64\release\showdata.tlog\rcc.read.1u.tlog
d:\temppro\showdata\showdata\x64\release\showdata.tlog\rcc.write.1u.tlog
d:\temppro\showdata\showdata\x64\release\showdata.tlog\showdata.write.1u.tlog
d:\temppro\showdata\showdata\x64\release\showdata.tlog\uic.read.1u.tlog
d:\temppro\showdata\showdata\x64\release\showdata.tlog\uic.write.1u.tlog
