d:\temppro\showdata\showdata\x64\debug\showdata.obj
d:\temppro\showdata\showdata\x64\debug\main.obj
d:\temppro\showdata\showdata\x64\debug\vc140.pdb
d:\temppro\showdata\showdata\x64\debug\qrc_showdata.obj
d:\temppro\showdata\showdata\x64\debug\moc_showdata.obj
d:\temppro\showdata\showdata\x64\debug\vc140.idb
d:\temppro\showdata\x64\debug\showdata.ilk
d:\temppro\showdata\x64\debug\showdata.exe
d:\temppro\showdata\x64\debug\showdata.pdb
d:\temppro\showdata\showdata\x64\debug\moc\moc_showdata.cpp
d:\temppro\showdata\showdata\x64\debug\rcc\qrc_showdata.cpp
d:\temppro\showdata\showdata\x64\debug\uic\ui_showdata.h
d:\temppro\showdata\showdata\x64\debug\showdata.tlog\cl.command.1.tlog
d:\temppro\showdata\showdata\x64\debug\showdata.tlog\cl.read.1.tlog
d:\temppro\showdata\showdata\x64\debug\showdata.tlog\cl.write.1.tlog
d:\temppro\showdata\showdata\x64\debug\showdata.tlog\link.command.1.tlog
d:\temppro\showdata\showdata\x64\debug\showdata.tlog\link.read.1.tlog
d:\temppro\showdata\showdata\x64\debug\showdata.tlog\link.write.1.tlog
d:\temppro\showdata\showdata\x64\debug\showdata.tlog\moc.read.1u.tlog
d:\temppro\showdata\showdata\x64\debug\showdata.tlog\moc.write.1u.tlog
d:\temppro\showdata\showdata\x64\debug\showdata.tlog\rcc.read.1u.tlog
d:\temppro\showdata\showdata\x64\debug\showdata.tlog\rcc.write.1u.tlog
d:\temppro\showdata\showdata\x64\debug\showdata.tlog\showdata.write.1u.tlog
d:\temppro\showdata\showdata\x64\debug\showdata.tlog\uic.read.1u.tlog
d:\temppro\showdata\showdata\x64\debug\showdata.tlog\uic.write.1u.tlog
